{"type":"server-started","port":65134,"host":"127.0.0.1","url_host":"localhost","url":"http://localhost:65134","screen_dir":"/Users/silence/Desktop/AI 骑马人/抖音小程序：国风炼金卡牌/.superpowers/brainstorm/10140-1781506398/content","state_dir":"/Users/silence/Desktop/AI 骑马人/抖音小程序：国风炼金卡牌/.superpowers/brainstorm/10140-1781506398/state"}
{"type":"screen-added","file":"/Users/silence/Desktop/AI 骑马人/抖音小程序：国风炼金卡牌/.superpowers/brainstorm/10140-1781506398/content/context.html"}
{"type":"screen-added","file":"/Users/silence/Desktop/AI 骑马人/抖音小程序：国风炼金卡牌/.superpowers/brainstorm/10140-1781506398/content/q1-core-drive.html"}
{"source":"user-event","type":"click","text":"A\n    \n      集换式收藏\n      像集邮/球星卡一样，核心乐趣在于\"拥有一套完整收藏\"。稀有度、编号、品相是核心价值。实体卡是终极收藏品，游戏是获取途径。","choice":"collect","id":null,"timestamp":1781507111783}
{"source":"user-event","type":"click","text":"D\n    \n      文化沉浸型\n      每张卡背后有深厚的历史故事、诗词、典故。合成触发剧情动画。核心乐趣是\"探索和发现\"，像在读一本互动历史书。","choice":"story","id":null,"timestamp":1781507114756}
{"source":"user-event","type":"click","text":"C\n    \n      社交竞技型\n      排行榜、对战、公会/门派、限时活动。核心乐趣是\"比别人强\"、\"和朋友一起玩\"。合成是变强的手段，实体卡是荣耀象征。","choice":"social","id":null,"timestamp":1781507125239}
{"type":"screen-added","file":"/Users/silence/Desktop/AI 骑马人/抖音小程序：国风炼金卡牌/.superpowers/brainstorm/10140-1781506398/content/q2-upgrade-path.html"}
{"source":"user-event","type":"click","text":"C\n    \n      多元升级（混合型）\n      不止合成一种方式。可以是：合成升级、碎片积累兑换、限时活动获取、排行榜奖励、好友赠送……多种途径并行，不同玩家走不同的路。适合大众用户。","choice":"multi","id":null,"timestamp":1781507210538}
{"source":"user-event","type":"click","text":"C\n    \n      多元升级（混合型）\n      不止合成一种方式。可以是：合成升级、碎片积累兑换、限时活动获取、排行榜奖励、好友赠送……多种途径并行，不同玩家走不同的路。适合大众用户。","choice":"multi","id":null,"timestamp":1781507211338}
{"source":"user-event","type":"click","text":"C\n    \n      多元升级（混合型）\n      不止合成一种方式。可以是：合成升级、碎片积累兑换、限时活动获取、排行榜奖励、好友赠送……多种途径并行，不同玩家走不同的路。适合大众用户。","choice":"multi","id":null,"timestamp":1781507211537}
{"source":"user-event","type":"click","text":"C\n    \n      多元升级（混合型）\n      不止合成一种方式。可以是：合成升级、碎片积累兑换、限时活动获取、排行榜奖励、好友赠送……多种途径并行，不同玩家走不同的路。适合大众用户。","choice":"multi","id":null,"timestamp":1781507212753}
{"type":"screen-added","file":"/Users/silence/Desktop/AI 骑马人/抖音小程序：国风炼金卡牌/.superpowers/brainstorm/10140-1781506398/content/q3-redemption.html"}
{"source":"user-event","type":"click","text":"D\n    \n      混合分层制\n      部分名额先到先得（制造热度），部分名额抽签（保持期待），部分名额保底给重度玩家（保障忠诚度）。三轨并行，覆盖不同类型玩家。\n      \n        全面覆盖多种玩家类型热度与公平兼顾\n        风险机制复杂，玩家难理解运营成本高","choice":"hybrid","id":null,"timestamp":1781507301528}
{"type":"screen-added","file":"/Users/silence/Desktop/AI 骑马人/抖音小程序：国风炼金卡牌/.superpowers/brainstorm/10140-1781506398/content/q4-social.html"}
{"source":"user-event","type":"click","text":"B\n    \n      好友交换/赠送\n      玩家之间可以交换重复卡牌、赠送碎片。限制每日次数（防刷），需要是好友关系。促进拉新和社交粘性。","choice":"trade","id":null,"timestamp":1781507522647}
{"source":"user-event","type":"click","text":"A\n    \n      排行榜\n      收藏进度榜、合成大师榜、朝代收集榜……分维度排名。每周/每月结算，发放限定奖励（特殊边框、称号、碎片）。轻量但有效。","choice":"leaderboard","id":null,"timestamp":1781507537697}
{"source":"user-event","type":"click","text":"F\n    \n      个人展示/炫耀\n      个性化主页、卡牌展示柜、稀有卡特效、专属称号。核心是\"我的收藏馆，别人来看\"。满足收集癖的炫耀需求。","choice":"showoff","id":null,"timestamp":1781507538430}
{"type":"screen-added","file":"/Users/silence/Desktop/AI 骑马人/抖音小程序：国风炼金卡牌/.superpowers/brainstorm/10140-1781506398/content/waiting.html"}
{"type":"screen-added","file":"/Users/silence/Desktop/AI 骑马人/抖音小程序：国风炼金卡牌/.superpowers/brainstorm/10140-1781506398/content/approaches.html"}
{"type":"screen-added","file":"/Users/silence/Desktop/AI 骑马人/抖音小程序：国风炼金卡牌/.superpowers/brainstorm/10140-1781506398/content/design-1-scale.html"}
{"type":"screen-added","file":"/Users/silence/Desktop/AI 骑马人/抖音小程序：国风炼金卡牌/.superpowers/brainstorm/10140-1781506398/content/design-1-scale-v2.html"}
{"type":"screen-added","file":"/Users/silence/Desktop/AI 骑马人/抖音小程序：国风炼金卡牌/.superpowers/brainstorm/10140-1781506398/content/design-2-loop.html"}
{"type":"screen-added","file":"/Users/silence/Desktop/AI 骑马人/抖音小程序：国风炼金卡牌/.superpowers/brainstorm/10140-1781506398/content/design-2-loop-v2.html"}
{"type":"screen-added","file":"/Users/silence/Desktop/AI 骑马人/抖音小程序：国风炼金卡牌/.superpowers/brainstorm/10140-1781506398/content/design-3-merge.html"}
{"type":"screen-added","file":"/Users/silence/Desktop/AI 骑马人/抖音小程序：国风炼金卡牌/.superpowers/brainstorm/10140-1781506398/content/design-3-merge-v2.html"}
{"type":"screen-added","file":"/Users/silence/Desktop/AI 骑马人/抖音小程序：国风炼金卡牌/.superpowers/brainstorm/10140-1781506398/content/design-3-merge-v3.html"}
{"type":"screen-added","file":"/Users/silence/Desktop/AI 骑马人/抖音小程序：国风炼金卡牌/.superpowers/brainstorm/10140-1781506398/content/design-3-lv12.html"}
{"type":"screen-added","file":"/Users/silence/Desktop/AI 骑马人/抖音小程序：国风炼金卡牌/.superpowers/brainstorm/10140-1781506398/content/design-4-social.html"}
{"type":"screen-added","file":"/Users/silence/Desktop/AI 骑马人/抖音小程序：国风炼金卡牌/.superpowers/brainstorm/10140-1781506398/content/design-5-economy.html"}
{"type":"screen-added","file":"/Users/silence/Desktop/AI 骑马人/抖音小程序：国风炼金卡牌/.superpowers/brainstorm/10140-1781506398/content/patch-physical-tiers.html"}
{"type":"screen-added","file":"/Users/silence/Desktop/AI 骑马人/抖音小程序：国风炼金卡牌/.superpowers/brainstorm/10140-1781506398/content/waiting-2.html"}
{"type":"server-stopped","reason":"idle timeout"}
